2016-05-04 14:07:29 [ERROR] User hello failed to log in!
2016-05-04 14:07:48 [INFO] User guest logged in.
2016-05-04 14:12:48 [ERROR] User  failed to log in!
2016-05-04 14:13:06 [ERROR] User  failed to log in!
2016-05-04 14:13:09 [ERROR] User sFa failed to log in!
2016-05-04 14:13:10 [ERROR] User  failed to log in!
2016-05-04 14:13:12 [ERROR] User adsg failed to log in!
2016-05-04 14:13:12 [ERROR] User  failed to log in!
2016-05-04 14:14:30 [INFO] User guest logged in.
2016-05-04 14:18:37 [ERROR] User  failed to log in!
2016-05-04 14:35:11 [ERROR] User  failed to log in!
2016-05-04 14:35:15 [ERROR] User akga failed to log in!
2016-05-04 14:35:31 [INFO] User guest logged in.
2016-05-04 14:43:07 [ERROR] User  failed to log in!
2016-05-04 14:43:12 [ERROR] User agkjk failed to log in!
2016-05-04 14:43:17 [INFO] User guest logged in.
2016-05-04 14:43:19 [ERROR] User  failed to log in!
2016-05-04 14:43:49 [ERROR] User  failed to log in!
2016-05-04 14:43:53 [ERROR] User  failed to log in!
2016-05-04 14:44:01 [INFO] User guest logged in.
2016-05-04 14:45:06 [ERROR] User  failed to log in!
2016-05-04 14:45:18 [ERROR] User  failed to log in!
2016-05-04 14:45:22 [ERROR] User  failed to log in!
2016-05-04 14:51:55 [ERROR] User  failed to log in!
2016-05-04 14:51:59 [INFO] User guest logged in.
2016-05-04 14:52:01 [ERROR] User  failed to log in!
2016-05-04 15:03:11 [INFO] User guest logged in.
2016-05-04 15:03:13 [ERROR] User  failed to log in!
2016-05-04 15:03:17 [ERROR] User  failed to log in!
2016-05-04 15:03:23 [ERROR] User  failed to log in!
2016-05-04 15:04:26 [ERROR] User  failed to log in!
2016-05-04 15:04:28 [ERROR] User  failed to log in!
2016-05-04 15:04:33 [INFO] User guest logged in.
2016-05-04 15:04:34 [ERROR] User  failed to log in!
2016-05-04 15:06:29 [ERROR] User  failed to log in!
2016-05-04 15:58:34 [ERROR] User  failed to log in!
2016-05-04 16:02:47 [ERROR] User  failed to log in!
2016-05-04 16:03:13 [ERROR] User  failed to log in!
2016-05-04 16:03:20 [ERROR] User  failed to log in!
2016-05-04 16:03:21 [ERROR] User  failed to log in!
2016-05-04 16:04:19 [ERROR] User  failed to log in!
2016-05-04 16:04:47 [ERROR] User  failed to log in!
2016-05-04 16:05:46 [ERROR] User  failed to log in!
2016-05-04 16:05:58 [INFO] User guest logged in.
2016-05-04 16:05:58 [ERROR] User  failed to log in!
2016-05-04 16:06:03 [INFO] User guest logged in.
2016-05-04 16:06:03 [ERROR] User  failed to log in!
2016-05-04 16:06:20 [ERROR] User  failed to log in!
2016-05-04 16:06:26 [INFO] User guest logged in.
2016-05-04 16:07:03 [ERROR] User  failed to log in!
2016-05-04 16:07:05 [ERROR] User  failed to log in!
2016-05-04 16:09:38 [ERROR] User  failed to log in!
2016-05-04 16:09:39 [ERROR] User  failed to log in!
2016-05-04 16:09:44 [INFO] User guest logged in.
2016-05-04 16:09:44 [ERROR] User  failed to log in!
2016-05-04 16:09:49 [INFO] User guest logged in.
2016-05-04 16:09:49 [ERROR] User  failed to log in!
2016-05-04 16:15:39 [ERROR] User adg failed to log in!
2016-05-04 16:15:45 [INFO] User guest logged in.
2016-05-04 16:17:32 [INFO] User guest logged in.
2016-05-04 16:17:38 [INFO] User guest logged in.
2016-05-04 16:18:10 [ERROR] User dasg failed to log in!
2016-05-04 16:20:20 [ERROR] User djgasd failed to log in!
2016-05-04 16:20:24 [INFO] User guest logged in.
2016-05-04 16:21:15 [INFO] User guest logged in.
2016-05-04 16:27:49 [INFO] User guest logged in.
2016-05-04 16:28:24 [INFO] User guest logged in.
2016-05-04 16:36:27 [ERROR] User agsd failed to log in!
2016-05-04 16:36:33 [INFO] User guest logged in.
